0 info it worked if it ends with ok
1 verbose cli [ 'node', '/usr/local/bin/npm', 'install' ]
2 info using npm@1.4.28
3 info using node@v0.10.32
4 warn package.json twitter.js@1.0.0 No repository field.
5 warn package.json twitter.js@1.0.0 No README data
6 verbose readDependencies using package.json deps
7 verbose install where, deps [ '/Users/jfreasier/Desktop/Code/FullStack-Academy/Junior Phase/Workshops/twitter.js',
7 verbose install   [ 'chalk', 'express' ] ]
8 info preinstall twitter.js@1.0.0
9 verbose readDependencies using package.json deps
10 verbose cache add [ 'chalk@^2.0.1', null ]
11 verbose cache add name=undefined spec="chalk@^2.0.1" args=["chalk@^2.0.1",null]
12 verbose parsed url { protocol: null,
12 verbose parsed url   slashes: null,
12 verbose parsed url   auth: null,
12 verbose parsed url   host: null,
12 verbose parsed url   port: null,
12 verbose parsed url   hostname: null,
12 verbose parsed url   hash: null,
12 verbose parsed url   search: null,
12 verbose parsed url   query: null,
12 verbose parsed url   pathname: 'chalk@^2.0.1',
12 verbose parsed url   path: 'chalk@^2.0.1',
12 verbose parsed url   href: 'chalk@^2.0.1' }
13 verbose cache add [ 'express@^4.15.3', null ]
14 verbose cache add name=undefined spec="express@^4.15.3" args=["express@^4.15.3",null]
15 verbose parsed url { protocol: null,
15 verbose parsed url   slashes: null,
15 verbose parsed url   auth: null,
15 verbose parsed url   host: null,
15 verbose parsed url   port: null,
15 verbose parsed url   hostname: null,
15 verbose parsed url   hash: null,
15 verbose parsed url   search: null,
15 verbose parsed url   query: null,
15 verbose parsed url   pathname: 'express@^4.15.3',
15 verbose parsed url   path: 'express@^4.15.3',
15 verbose parsed url   href: 'express@^4.15.3' }
16 verbose cache add name="chalk" spec="^2.0.1" args=["chalk","^2.0.1"]
17 verbose parsed url { protocol: null,
17 verbose parsed url   slashes: null,
17 verbose parsed url   auth: null,
17 verbose parsed url   host: null,
17 verbose parsed url   port: null,
17 verbose parsed url   hostname: null,
17 verbose parsed url   hash: null,
17 verbose parsed url   search: null,
17 verbose parsed url   query: null,
17 verbose parsed url   pathname: '^2.0.1',
17 verbose parsed url   path: '^2.0.1',
17 verbose parsed url   href: '^2.0.1' }
18 verbose addNamed [ 'chalk', '^2.0.1' ]
19 verbose addNamed [ null, '>=2.0.1-0 <3.0.0-0' ]
20 verbose cache add name="express" spec="^4.15.3" args=["express","^4.15.3"]
21 verbose parsed url { protocol: null,
21 verbose parsed url   slashes: null,
21 verbose parsed url   auth: null,
21 verbose parsed url   host: null,
21 verbose parsed url   port: null,
21 verbose parsed url   hostname: null,
21 verbose parsed url   hash: null,
21 verbose parsed url   search: null,
21 verbose parsed url   query: null,
21 verbose parsed url   pathname: '^4.15.3',
21 verbose parsed url   path: '^4.15.3',
21 verbose parsed url   href: '^4.15.3' }
22 verbose addNamed [ 'express', '^4.15.3' ]
23 verbose addNamed [ null, '>=4.15.3-0 <5.0.0-0' ]
24 silly lockFile c073b0b9-chalk-2-0-1 chalk@^2.0.1
25 verbose lock chalk@^2.0.1 /Users/jfreasier/.npm/c073b0b9-chalk-2-0-1.lock
26 silly lockFile 117c6121-express-4-15-3 express@^4.15.3
27 verbose lock express@^4.15.3 /Users/jfreasier/.npm/117c6121-express-4-15-3.lock
28 silly addNameRange { name: 'chalk', range: '>=2.0.1-0 <3.0.0-0', hasData: false }
29 silly addNameRange { name: 'express', range: '>=4.15.3-0 <5.0.0-0', hasData: false }
30 verbose request where is /chalk
31 verbose request registry https://registry.npmjs.org/
32 verbose request id 8ebdeb3d9db6ce04
33 verbose url raw /chalk
34 verbose url resolving [ 'https://registry.npmjs.org/', './chalk' ]
35 verbose url resolved https://registry.npmjs.org/chalk
36 verbose request where is https://registry.npmjs.org/chalk
37 info trying registry request attempt 1 at 09:26:14
38 verbose etag W/"597ea54c-aa38"
39 http GET https://registry.npmjs.org/chalk
40 verbose request where is /express
41 verbose request registry https://registry.npmjs.org/
42 verbose url raw /express
43 verbose url resolving [ 'https://registry.npmjs.org/', './express' ]
44 verbose url resolved https://registry.npmjs.org/express
45 verbose request where is https://registry.npmjs.org/express
46 info trying registry request attempt 1 at 09:26:14
47 verbose etag W/"598053e5-8d380"
48 http GET https://registry.npmjs.org/express
49 http 200 https://registry.npmjs.org/chalk
50 silly registry.get cb [ 200,
50 silly registry.get   { server: 'nginx/1.10.1',
50 silly registry.get     'content-type': 'application/json',
50 silly registry.get     'last-modified': 'Tue, 01 Aug 2017 10:08:41 GMT',
50 silly registry.get     etag: 'W/"59805329-aa46"',
50 silly registry.get     'content-encoding': 'gzip',
50 silly registry.get     'cache-control': 'max-age=300',
50 silly registry.get     'content-length': '11640',
50 silly registry.get     'accept-ranges': 'bytes',
50 silly registry.get     date: 'Tue, 01 Aug 2017 14:26:14 GMT',
50 silly registry.get     via: '1.1 varnish',
50 silly registry.get     age: '83',
50 silly registry.get     connection: 'keep-alive',
50 silly registry.get     'x-served-by': 'cache-dfw1840-DFW',
50 silly registry.get     'x-cache': 'HIT',
50 silly registry.get     'x-cache-hits': '5',
50 silly registry.get     'x-timer': 'S1501597575.531432,VS0,VE0',
50 silly registry.get     vary: 'Accept-Encoding, Accept' } ]
51 silly addNameRange number 2 { name: 'chalk', range: '>=2.0.1-0 <3.0.0-0', hasData: true }
52 silly addNameRange versions [ 'chalk',
52 silly addNameRange   [ '0.1.0',
52 silly addNameRange     '0.1.1',
52 silly addNameRange     '0.2.0',
52 silly addNameRange     '0.2.1',
52 silly addNameRange     '0.3.0',
52 silly addNameRange     '0.4.0',
52 silly addNameRange     '0.5.0',
52 silly addNameRange     '0.5.1',
52 silly addNameRange     '1.0.0',
52 silly addNameRange     '1.1.0',
52 silly addNameRange     '1.1.1',
52 silly addNameRange     '1.1.2',
52 silly addNameRange     '1.1.3',
52 silly addNameRange     '2.0.0',
52 silly addNameRange     '2.0.1' ] ]
53 verbose addNamed [ 'chalk', '2.0.1' ]
54 verbose addNamed [ '2.0.1', '2.0.1' ]
55 silly lockFile 57b0fd55-chalk-2-0-1 chalk@2.0.1
56 verbose lock chalk@2.0.1 /Users/jfreasier/.npm/57b0fd55-chalk-2-0-1.lock
57 silly lockFile c8cfd049--npmjs-org-chalk-chalk-2-0-1-tgz https://registry.npmjs.org/chalk/-/chalk-2.0.1.tgz
58 verbose lock https://registry.npmjs.org/chalk/-/chalk-2.0.1.tgz /Users/jfreasier/.npm/c8cfd049--npmjs-org-chalk-chalk-2-0-1-tgz.lock
59 verbose addRemoteTarball [ 'https://registry.npmjs.org/chalk/-/chalk-2.0.1.tgz',
59 verbose addRemoteTarball   'dbec49436d2ae15f536114e76d14656cdbc0f44d' ]
60 info retry fetch attempt 1 at 09:26:14
61 verbose fetch to= /var/folders/wb/snxw81_x2dzgw6x5kj24d62h0000gn/T/npm-9857-0hUFyf4C/registry.npmjs.org/chalk/-/chalk-2.0.1.tgz
62 http GET https://registry.npmjs.org/chalk/-/chalk-2.0.1.tgz
63 http 200 https://registry.npmjs.org/express
64 silly registry.get cb [ 200,
64 silly registry.get   { server: 'nginx/1.10.1',
64 silly registry.get     'content-type': 'application/json',
64 silly registry.get     'last-modified': 'Tue, 01 Aug 2017 13:44:17 GMT',
64 silly registry.get     etag: 'W/"598085b1-8d399"',
64 silly registry.get     'content-encoding': 'gzip',
64 silly registry.get     'cache-control': 'max-age=300',
64 silly registry.get     'content-length': '44530',
64 silly registry.get     'accept-ranges': 'bytes',
64 silly registry.get     date: 'Tue, 01 Aug 2017 14:26:14 GMT',
64 silly registry.get     via: '1.1 varnish',
64 silly registry.get     age: '95',
64 silly registry.get     connection: 'keep-alive',
64 silly registry.get     'x-served-by': 'cache-dfw1833-DFW',
64 silly registry.get     'x-cache': 'HIT',
64 silly registry.get     'x-cache-hits': '4',
64 silly registry.get     'x-timer': 'S1501597575.532629,VS0,VE0',
64 silly registry.get     vary: 'Accept-Encoding, Accept' } ]
65 silly addNameRange number 2 { name: 'express', range: '>=4.15.3-0 <5.0.0-0', hasData: true }
66 silly addNameRange versions [ 'express',
66 silly addNameRange   [ '0.14.0',
66 silly addNameRange     '0.14.1',
66 silly addNameRange     '1.0.0',
66 silly addNameRange     '1.0.1',
66 silly addNameRange     '1.0.2',
66 silly addNameRange     '1.0.3',
66 silly addNameRange     '1.0.4',
66 silly addNameRange     '1.0.5',
66 silly addNameRange     '1.0.6',
66 silly addNameRange     '1.0.7',
66 silly addNameRange     '1.0.8',
66 silly addNameRange     '2.0.0',
66 silly addNameRange     '2.1.0',
66 silly addNameRange     '2.1.1',
66 silly addNameRange     '2.2.0',
66 silly addNameRange     '2.2.1',
66 silly addNameRange     '2.2.2',
66 silly addNameRange     '2.3.0',
66 silly addNameRange     '2.3.1',
66 silly addNameRange     '2.3.2',
66 silly addNameRange     '2.3.3',
66 silly addNameRange     '2.3.4',
66 silly addNameRange     '2.3.5',
66 silly addNameRange     '2.3.6',
66 silly addNameRange     '2.3.7',
66 silly addNameRange     '2.3.8',
66 silly addNameRange     '2.3.9',
66 silly addNameRange     '2.3.10',
66 silly addNameRange     '2.3.11',
66 silly addNameRange     '2.3.12',
66 silly addNameRange     '2.4.0',
66 silly addNameRange     '2.4.1',
66 silly addNameRange     '2.4.2',
66 silly addNameRange     '2.4.3',
66 silly addNameRange     '2.4.4',
66 silly addNameRange     '2.4.5',
66 silly addNameRange     '2.4.6',
66 silly addNameRange     '2.4.7',
66 silly addNameRange     '2.5.0',
66 silly addNameRange     '2.5.1',
66 silly addNameRange     '2.5.2',
66 silly addNameRange     '2.5.3',
66 silly addNameRange     '2.5.4',
66 silly addNameRange     '2.5.5',
66 silly addNameRange     '2.5.6',
66 silly addNameRange     '2.5.7',
66 silly addNameRange     '2.5.8',
66 silly addNameRange     '2.5.9',
66 silly addNameRange     '2.5.10',
66 silly addNameRange     '2.5.11',
66 silly addNameRange     '3.0.0',
66 silly addNameRange     '3.0.1',
66 silly addNameRange     '3.0.2',
66 silly addNameRange     '3.0.3',
66 silly addNameRange     '3.0.4',
66 silly addNameRange     '3.0.5',
66 silly addNameRange     '3.0.6',
66 silly addNameRange     '3.1.0',
66 silly addNameRange     '3.1.1',
66 silly addNameRange     '3.1.2',
66 silly addNameRange     '3.2.0',
66 silly addNameRange     '3.2.1',
66 silly addNameRange     '3.2.2',
66 silly addNameRange     '3.2.3',
66 silly addNameRange     '3.2.4',
66 silly addNameRange     '3.2.5',
66 silly addNameRange     '3.2.6',
66 silly addNameRange     '3.3.0',
66 silly addNameRange     '3.3.1',
66 silly addNameRange     '3.3.2',
66 silly addNameRange     '3.3.3',
66 silly addNameRange     '3.3.4',
66 silly addNameRange     '3.3.5',
66 silly addNameRange     '3.3.6',
66 silly addNameRange     '1.0.0-beta',
66 silly addNameRange     '1.0.0-beta2',
66 silly addNameRange     '1.0.0-rc',
66 silly addNameRange     '1.0.0-rc2',
66 silly addNameRange     '1.0.0-rc3',
66 silly addNameRange     '1.0.0-rc4',
66 silly addNameRange     '2.0.0-beta',
66 silly addNameRange     '2.0.0-beta2',
66 silly addNameRange     '2.0.0-beta3',
66 silly addNameRange     '2.0.0-rc',
66 silly addNameRange     '2.0.0-rc2',
66 silly addNameRange     '2.0.0-rc3',
66 silly addNameRange     '3.0.0-alpha1',
66 silly addNameRange     '3.0.0-alpha2',
66 silly addNameRange     '3.0.0-alpha3',
66 silly addNameRange     '3.0.0-alpha4',
66 silly addNameRange     '3.0.0-alpha5',
66 silly addNameRange     '3.0.0-beta1',
66 silly addNameRange     '3.0.0-beta2',
66 silly addNameRange     '3.0.0-beta3',
66 silly addNameRange     '3.0.0-beta4',
66 silly addNameRange     '3.0.0-beta6',
66 silly addNameRange     '3.0.0-beta7',
66 silly addNameRange     '3.0.0-rc1',
66 silly addNameRange     '3.0.0-rc2',
66 silly addNameRange     '3.0.0-rc3',
66 silly addNameRange     '3.0.0-rc4',
66 silly addNameRange     '3.0.0-rc5',
66 silly addNameRange     '3.3.7',
66 silly addNameRange     '3.3.8',
66 silly addNameRange     '3.4.0',
66 silly addNameRange     '3.4.1',
66 silly addNameRange     '3.4.2',
66 silly addNameRange     '3.4.3',
66 silly addNameRange     '3.4.4',
66 silly addNameRange     '3.4.5',
66 silly addNameRange     '3.4.6',
66 silly addNameRange     '3.4.7',
66 silly addNameRange     '3.4.8',
66 silly addNameRange     '4.0.0-rc1',
66 silly addNameRange     '4.0.0-rc2',
66 silly addNameRange     '3.5.0',
66 silly addNameRange     '4.0.0-rc3',
66 silly addNameRange     '4.0.0-rc4',
66 silly addNameRange     '3.5.1',
66 silly addNameRange     '4.0.0',
66 silly addNameRange     '3.5.2',
66 silly addNameRange     '4.1.0',
66 silly addNameRange     '4.1.1',
66 silly addNameRange     '3.5.3',
66 silly addNameRange     '4.1.2',
66 silly addNameRange     '3.6.0',
66 silly addNameRange     '4.2.0',
66 silly addNameRange     '3.7.0',
66 silly addNameRange     '3.8.0',
66 silly addNameRange     '4.3.0',
66 silly addNameRange     '4.3.1',
66 silly addNameRange     '3.8.1',
66 silly addNameRange     '4.3.2',
66 silly addNameRange     '3.9.0',
66 silly addNameRange     '4.4.0',
66 silly addNameRange     '4.4.1',
66 silly addNameRange     '3.10.0',
66 silly addNameRange     '3.10.1',
66 silly addNameRange     '3.10.2',
66 silly addNameRange     '3.10.3',
66 silly addNameRange     '3.10.4',
66 silly addNameRange     '4.4.2',
66 silly addNameRange     '3.10.5',
66 silly addNameRange     '4.4.3',
66 silly addNameRange     '3.11.0',
66 silly addNameRange     '4.4.4',
66 silly addNameRange     '3.12.0',
66 silly addNameRange     '3.12.1',
66 silly addNameRange     '4.4.5',
66 silly addNameRange     '3.13.0',
66 silly addNameRange     '4.5.0',
66 silly addNameRange     '4.5.1',
66 silly addNameRange     '3.14.0',
66 silly addNameRange     '4.6.0',
66 silly addNameRange     '4.6.1',
66 silly addNameRange     '3.15.0',
66 silly addNameRange     '4.7.0',
66 silly addNameRange     '3.15.1',
66 silly addNameRange     '4.7.1',
66 silly addNameRange     '3.15.2',
66 silly addNameRange     '4.7.2',
66 silly addNameRange     '4.7.3',
66 silly addNameRange     '3.15.3',
66 silly addNameRange     '4.7.4',
66 silly addNameRange     '3.16.0',
66 silly addNameRange     '4.8.0',
66 silly addNameRange     '3.16.1',
66 silly addNameRange     '4.8.1',
66 silly addNameRange     '3.16.2',
66 silly addNameRange     '4.8.2',
66 silly addNameRange     '3.16.3',
66 silly addNameRange     '3.16.4',
66 silly addNameRange     '4.8.3',
66 silly addNameRange     '3.16.5',
66 silly addNameRange     '3.16.6',
66 silly addNameRange     '4.8.4',
66 silly addNameRange     '3.16.7',
66 silly addNameRange     '4.8.5',
66 silly addNameRange     '3.16.8',
66 silly addNameRange     '4.8.6',
66 silly addNameRange     '3.16.9',
66 silly addNameRange     '4.8.7',
66 silly addNameRange     '3.16.10',
66 silly addNameRange     '4.8.8',
66 silly addNameRange     '3.17.0',
66 silly addNameRange     '3.17.1',
66 silly addNameRange     '4.9.0',
66 silly addNameRange     '3.17.2',
66 silly addNameRange     '4.9.1',
66 silly addNameRange     '4.9.2',
66 silly addNameRange     '3.17.3',
66 silly addNameRange     '4.9.3',
66 silly addNameRange     '3.17.4',
66 silly addNameRange     '4.9.4',
66 silly addNameRange     '3.17.5',
66 silly addNameRange     '4.9.5',
66 silly addNameRange     '3.17.6',
66 silly addNameRange     '3.17.7',
66 silly addNameRange     '4.9.6',
66 silly addNameRange     '4.9.7',
66 silly addNameRange     '3.17.8',
66 silly addNameRange     '4.9.8',
66 silly addNameRange     '3.18.0',
66 silly addNameRange     '3.18.1',
66 silly addNameRange     '4.10.0',
66 silly addNameRange     '3.18.2',
66 silly addNameRange     '4.10.1',
66 silly addNameRange     '5.0.0-alpha.1',
66 silly addNameRange     '3.18.3',
66 silly addNameRange     '4.10.2',
66 silly addNameRange     '3.18.4',
66 silly addNameRange     '4.10.3',
66 silly addNameRange     '4.10.4',
66 silly addNameRange     '4.10.5',
66 silly addNameRange     '3.18.5',
66 silly addNameRange     '3.18.6',
66 silly addNameRange     '4.10.6',
66 silly addNameRange     '4.10.7',
66 silly addNameRange     '3.19.0',
66 silly addNameRange     '4.10.8',
66 silly addNameRange     '4.11.0',
66 silly addNameRange     '3.19.1',
66 silly addNameRange     '4.11.1',
66 silly addNameRange     '3.19.2',
66 silly addNameRange     '4.11.2',
66 silly addNameRange     '3.20.0',
66 silly addNameRange     '4.12.0',
66 silly addNameRange     '3.20.1',
66 silly addNameRange     '4.12.1',
66 silly addNameRange     '4.12.2',
66 silly addNameRange     '3.20.2',
66 silly addNameRange     '4.12.3',
66 silly addNameRange     '3.20.3',
66 silly addNameRange     '4.12.4',
66 silly addNameRange     '3.21.0',
66 silly addNameRange     '4.13.0',
66 silly addNameRange     '3.21.1',
66 silly addNameRange     '4.13.1',
66 silly addNameRange     '5.0.0-alpha.2',
66 silly addNameRange     '3.21.2',
66 silly addNameRange     '4.13.2',
66 silly addNameRange     '4.13.3',
66 silly addNameRange     '4.13.4',
66 silly addNameRange     '4.14.0',
66 silly addNameRange     '4.14.1',
66 silly addNameRange     '5.0.0-alpha.3',
66 silly addNameRange     '4.15.0',
66 silly addNameRange     '5.0.0-alpha.4',
66 silly addNameRange     '4.15.1',
66 silly addNameRange     '4.15.2',
66 silly addNameRange     '5.0.0-alpha.5',
66 silly addNameRange     '4.15.3' ] ]
67 verbose addNamed [ 'express', '4.15.3' ]
68 verbose addNamed [ '4.15.3', '4.15.3' ]
69 silly lockFile 2b1ac4e3-express-4-15-3 express@4.15.3
70 verbose lock express@4.15.3 /Users/jfreasier/.npm/2b1ac4e3-express-4-15-3.lock
71 silly lockFile 2b1ac4e3-express-4-15-3 express@4.15.3
72 silly lockFile 2b1ac4e3-express-4-15-3 express@4.15.3
73 silly lockFile 117c6121-express-4-15-3 express@^4.15.3
74 silly lockFile 117c6121-express-4-15-3 express@^4.15.3
75 http 200 https://registry.npmjs.org/chalk/-/chalk-2.0.1.tgz
76 silly lockFile c8cfd049--npmjs-org-chalk-chalk-2-0-1-tgz https://registry.npmjs.org/chalk/-/chalk-2.0.1.tgz
77 silly lockFile c8cfd049--npmjs-org-chalk-chalk-2-0-1-tgz https://registry.npmjs.org/chalk/-/chalk-2.0.1.tgz
78 silly lockFile 57b0fd55-chalk-2-0-1 chalk@2.0.1
79 silly lockFile 57b0fd55-chalk-2-0-1 chalk@2.0.1
80 silly lockFile c073b0b9-chalk-2-0-1 chalk@^2.0.1
81 silly lockFile c073b0b9-chalk-2-0-1 chalk@^2.0.1
82 error Error: EACCES, mkdir '/Users/jfreasier/.npm/chalk/2.0.1'
82 error  { [Error: EACCES, mkdir '/Users/jfreasier/.npm/chalk/2.0.1']
82 error   errno: 3,
82 error   code: 'EACCES',
82 error   path: '/Users/jfreasier/.npm/chalk/2.0.1',
82 error   parent: 'twitter.js' }
83 error Please try running this command again as root/Administrator.
84 error System Darwin 13.4.0
85 error command "node" "/usr/local/bin/npm" "install"
86 error cwd /Users/jfreasier/Desktop/Code/FullStack-Academy/Junior Phase/Workshops/twitter.js
87 error node -v v0.10.32
88 error npm -v 1.4.28
89 error path /Users/jfreasier/.npm/chalk/2.0.1
90 error code EACCES
91 error errno 3
92 error stack Error: EACCES, mkdir '/Users/jfreasier/.npm/chalk/2.0.1'
93 verbose exit [ 3, true ]
